1610574147122	geckodriver	INFO	Listening on 127.0.0.1:63974
1610574147132	mozrunner::runner	INFO	Running command: "/Applications/Firefox.app/Contents/MacOS/firefox-bin" "--marionette" "-foreground" "-no-remote" "-profile" "/var/folders/ww/vrcpkv2d5y18m7y0fts9hc780000gn/T/rust_mozprofile9AvUBn"
console.warn: SearchSettings: "get: No settings file exists, new profile?" (new Error("", "(unknown module)"))
1610574150174	Marionette	INFO	Listening on port 63979
1610574150233	Marionette	WARN	TLS certificate errors will be ignored for this session
1610574165389	Marionette	WARN	TimedPromise timed out after 500 ms: stacktrace:
TimedPromise/<@chrome://marionette/content/sync.js:235:19
TimedPromise@chrome://marionette/content/sync.js:220:10
interaction.flushEventLoop@chrome://marionette/content/interaction.js:418:10
webdriverClickElement@chrome://marionette/content/interaction.js:179:31
[GFX1-]: Receive IPC close with reason=AbnormalShutdown
Exiting due to channel error.
[GFX1-]: Receive IPC close with reason=AbnormalShutdown
Exiting due to channel error.
[GFX1-]: Receive IPC close with reason=AbnormalShutdown
Exiting due to channel error.
1610574176494	geckodriver	INFO	Listening on 127.0.0.1:64074
1610574176509	mozrunner::runner	INFO	Running command: "/Applications/Firefox.app/Contents/MacOS/firefox-bin" "--marionette" "-foreground" "-no-remote" "-profile" "/var/folders/ww/vrcpkv2d5y18m7y0fts9hc780000gn/T/rust_mozprofileJQ80fe"
console.warn: SearchSettings: "get: No settings file exists, new profile?" (new Error("", "(unknown module)"))
1610574179441	Marionette	INFO	Listening on port 64079
1610574179515	Marionette	WARN	TLS certificate errors will be ignored for this session
[GFX1-]: Receive IPC close with reason=AbnormalShutdown
[GFX1-]: Receive IPC close with reason=AbnormalShutdown
Exiting due to channel error.
Exiting due to channel error.
[GFX1-]: Receive IPC close with reason=AbnormalShutdown
Exiting due to channel error.
1610574308524	geckodriver	INFO	Listening on 127.0.0.1:64161
1610574308538	mozrunner::runner	INFO	Running command: "/Applications/Firefox.app/Contents/MacOS/firefox-bin" "--marionette" "-foreground" "-no-remote" "-profile" "/var/folders/ww/vrcpkv2d5y18m7y0fts9hc780000gn/T/rust_mozprofileD23jlS"
console.warn: SearchSettings: "get: No settings file exists, new profile?" (new Error("", "(unknown module)"))
1610574311412	Marionette	INFO	Listening on port 64166
1610574311532	Marionette	WARN	TLS certificate errors will be ignored for this session
1610574316180	Marionette	INFO	Stopped listening on port 64166

###!!! [Parent][RunMessage] Error: Channel closing: too late to send/recv, messages will be lost

1610574323649	geckodriver	INFO	Listening on 127.0.0.1:64238
1610574323665	mozrunner::runner	INFO	Running command: "/Applications/Firefox.app/Contents/MacOS/firefox-bin" "--marionette" "-foreground" "-no-remote" "-profile" "/var/folders/ww/vrcpkv2d5y18m7y0fts9hc780000gn/T/rust_mozprofileSNNkLi"
console.warn: SearchSettings: "get: No settings file exists, new profile?" (new Error("", "(unknown module)"))
1610574326452	Marionette	INFO	Listening on port 64243
1610574326581	Marionette	WARN	TLS certificate errors will be ignored for this session
1610574341506	Marionette	WARN	TimedPromise timed out after 500 ms: stacktrace:
TimedPromise/<@chrome://marionette/content/sync.js:235:19
TimedPromise@chrome://marionette/content/sync.js:220:10
interaction.flushEventLoop@chrome://marionette/content/interaction.js:418:10
webdriverClickElement@chrome://marionette/content/interaction.js:179:31
[GFX1-]: Receive IPC close with reason=AbnormalShutdown
[GFX1-]: Receive IPC close with reason=AbnormalShutdown
Exiting due to channel error.
[GFX1-]: Receive IPC close with reason=AbnormalShutdown
Exiting due to channel error.
Exiting due to channel error.
